<?xml version="1.0" encoding="UTF-8"?>
<testsuite xmlns:xsi="http://www.w3.org/2001/XMLSchema-instance" xsi:noNamespaceSchemaLocation="https://maven.apache.org/surefire/maven-surefire-plugin/xsd/surefire-test-report.xsd" version="3.0.2" name="com.ryanbondoc.fintech.customer.CustomerApiTest" time="1.247" tests="2" errors="0" skipped="0" failures="0">
  <properties>
[...]
</properties>
  <testcase name="customerServiceShouldBeHealthy" classname="com.ryanbondoc.fintech.customer.CustomerApiTest" time="0.048"/>
  <testcase name="shouldCreateAndRetrieveCustomer" classname="com.ryanbondoc.fintech.customer.CustomerApiTest" time="1.198"/>
</testsuite>